{"/Users/marco/Projects/personal/tailwindcss-mcp/src/services/base.ts": {"path":"/Users/marco/Projects/personal/tailwindcss-mcp/src/services/base.ts","all":false,"statementMap":{"32":{"start":{"line":33,"column":0},"end":{"line":33,"column":65}},"33":{"start":{"line":34,"column":0},"end":{"line":34,"column":59}},"34":{"start":{"line":35,"column":0},"end":{"line":35,"column":26}},"35":{"start":{"line":36,"column":0},"end":{"line":36,"column":30}},"36":{"start":{"line":37,"column":0},"end":{"line":37,"column":37}},"38":{"start":{"line":39,"column":0},"end":{"line":39,"column":37}},"40":{"start":{"line":41,"column":0},"end":{"line":41,"column":3}},"42":{"start":{"line":43,"column":0},"end":{"line":43,"column":34}},"43":{"start":{"line":44,"column":0},"end":{"line":44,"column":23}},"44":{"start":{"line":45,"column":0},"end":{"line":45,"column":3}},"46":{"start":{"line":47,"column":0},"end":{"line":47,"column":37}},"47":{"start":{"line":48,"column":0},"end":{"line":48,"column":23}},"48":{"start":{"line":49,"column":0},"end":{"line":49,"column":23}},"49":{"start":{"line":50,"column":0},"end":{"line":50,"column":27}},"50":{"start":{"line":51,"column":0},"end":{"line":51,"column":34}},"51":{"start":{"line":52,"column":0},"end":{"line":52,"column":3}},"53":{"start":{"line":54,"column":0},"end":{"line":54,"column":31}},"54":{"start":{"line":55,"column":0},"end":{"line":55,"column":12}},"55":{"start":{"line":56,"column":0},"end":{"line":56,"column":36}},"56":{"start":{"line":57,"column":0},"end":{"line":57,"column":46}},"57":{"start":{"line":58,"column":0},"end":{"line":58,"column":80}},"58":{"start":{"line":59,"column":0},"end":{"line":59,"column":36}},"59":{"start":{"line":60,"column":0},"end":{"line":60,"column":6}},"60":{"start":{"line":61,"column":0},"end":{"line":61,"column":3}},"62":{"start":{"line":63,"column":0},"end":{"line":63,"column":52}},"63":{"start":{"line":64,"column":0},"end":{"line":64,"column":25}},"64":{"start":{"line":65,"column":0},"end":{"line":65,"column":16}},"65":{"start":{"line":66,"column":0},"end":{"line":66,"column":23}},"66":{"start":{"line":67,"column":0},"end":{"line":67,"column":5}},"67":{"start":{"line":68,"column":0},"end":{"line":68,"column":3}},"69":{"start":{"line":70,"column":0},"end":{"line":70,"column":96}},"70":{"start":{"line":71,"column":0},"end":{"line":71,"column":59}},"71":{"start":{"line":72,"column":0},"end":{"line":72,"column":3}},"73":{"start":{"line":74,"column":0},"end":{"line":74,"column":41}},"74":{"start":{"line":75,"column":0},"end":{"line":75,"column":22}},"75":{"start":{"line":76,"column":0},"end":{"line":76,"column":44}},"76":{"start":{"line":77,"column":0},"end":{"line":77,"column":68}},"77":{"start":{"line":78,"column":0},"end":{"line":78,"column":74}},"78":{"start":{"line":79,"column":0},"end":{"line":79,"column":52}},"79":{"start":{"line":80,"column":0},"end":{"line":80,"column":75}},"80":{"start":{"line":81,"column":0},"end":{"line":81,"column":5}},"81":{"start":{"line":82,"column":0},"end":{"line":82,"column":21}},"82":{"start":{"line":83,"column":0},"end":{"line":83,"column":3}},"83":{"start":{"line":84,"column":0},"end":{"line":84,"column":1}},"88":{"start":{"line":89,"column":0},"end":{"line":89,"column":41}},"89":{"start":{"line":90,"column":0},"end":{"line":90,"column":14}},"90":{"start":{"line":91,"column":0},"end":{"line":91,"column":20}},"91":{"start":{"line":92,"column":0},"end":{"line":92,"column":36}},"92":{"start":{"line":93,"column":0},"end":{"line":93,"column":38}},"93":{"start":{"line":94,"column":0},"end":{"line":94,"column":43}},"94":{"start":{"line":95,"column":0},"end":{"line":95,"column":5}},"95":{"start":{"line":96,"column":0},"end":{"line":96,"column":19}},"96":{"start":{"line":97,"column":0},"end":{"line":97,"column":31}},"97":{"start":{"line":98,"column":0},"end":{"line":98,"column":3}},"98":{"start":{"line":99,"column":0},"end":{"line":99,"column":1}},"103":{"start":{"line":104,"column":0},"end":{"line":104,"column":30}},"104":{"start":{"line":105,"column":0},"end":{"line":105,"column":57}},"106":{"start":{"line":107,"column":0},"end":{"line":107,"column":67}},"107":{"start":{"line":108,"column":0},"end":{"line":108,"column":37}},"108":{"start":{"line":109,"column":0},"end":{"line":109,"column":3}},"110":{"start":{"line":111,"column":0},"end":{"line":111,"column":59}},"111":{"start":{"line":112,"column":0},"end":{"line":112,"column":40}},"112":{"start":{"line":113,"column":0},"end":{"line":113,"column":3}},"114":{"start":{"line":115,"column":0},"end":{"line":115,"column":40}},"115":{"start":{"line":116,"column":0},"end":{"line":116,"column":75}},"116":{"start":{"line":117,"column":0},"end":{"line":117,"column":43}},"117":{"start":{"line":118,"column":0},"end":{"line":118,"column":62}},"118":{"start":{"line":119,"column":0},"end":{"line":119,"column":20}},"119":{"start":{"line":120,"column":0},"end":{"line":120,"column":8}},"120":{"start":{"line":121,"column":0},"end":{"line":121,"column":6}},"122":{"start":{"line":123,"column":0},"end":{"line":123,"column":36}},"123":{"start":{"line":124,"column":0},"end":{"line":124,"column":3}},"125":{"start":{"line":126,"column":0},"end":{"line":126,"column":37}},"126":{"start":{"line":127,"column":0},"end":{"line":127,"column":78}},"127":{"start":{"line":128,"column":0},"end":{"line":128,"column":40}},"128":{"start":{"line":129,"column":0},"end":{"line":129,"column":59}},"130":{"start":{"line":131,"column":0},"end":{"line":131,"column":8}},"131":{"start":{"line":132,"column":0},"end":{"line":132,"column":6}},"133":{"start":{"line":134,"column":0},"end":{"line":134,"column":46}},"134":{"start":{"line":135,"column":0},"end":{"line":135,"column":3}},"135":{"start":{"line":136,"column":0},"end":{"line":136,"column":1}}},"s":{"32":1,"33":45,"34":45,"35":45,"36":45,"38":45,"40":16,"42":45,"43":2,"44":2,"46":45,"47":2,"48":2,"49":2,"50":2,"51":2,"53":45,"54":16,"55":16,"56":16,"57":16,"58":16,"59":16,"60":16,"62":45,"63":46,"64":46,"65":6,"66":6,"67":46,"69":45,"70":5,"71":5,"73":45,"74":16,"75":16,"76":11,"77":11,"78":11,"79":11,"80":11,"81":16,"82":16,"83":45,"88":1,"89":1,"90":12,"91":12,"92":12,"93":12,"94":12,"95":12,"96":12,"97":12,"98":1,"103":1,"104":24,"106":24,"107":43,"108":43,"110":24,"111":7,"112":7,"114":24,"115":17,"116":33,"117":2,"118":2,"119":33,"120":17,"122":17,"123":17,"125":24,"126":4,"127":6,"128":1,"130":6,"131":4,"133":4,"134":4,"135":24},"branchMap":{"0":{"type":"branch","line":33,"loc":{"start":{"line":33,"column":64},"end":{"line":84,"column":1}},"locations":[{"start":{"line":33,"column":64},"end":{"line":84,"column":1}}]},"1":{"type":"branch","line":39,"loc":{"start":{"line":39,"column":2},"end":{"line":41,"column":3}},"locations":[{"start":{"line":39,"column":2},"end":{"line":41,"column":3}}]},"2":{"type":"branch","line":43,"loc":{"start":{"line":43,"column":2},"end":{"line":45,"column":3}},"locations":[{"start":{"line":43,"column":2},"end":{"line":45,"column":3}}]},"3":{"type":"branch","line":47,"loc":{"start":{"line":47,"column":2},"end":{"line":52,"column":3}},"locations":[{"start":{"line":47,"column":2},"end":{"line":52,"column":3}}]},"4":{"type":"branch","line":54,"loc":{"start":{"line":54,"column":2},"end":{"line":61,"column":3}},"locations":[{"start":{"line":54,"column":2},"end":{"line":61,"column":3}}]},"5":{"type":"branch","line":58,"loc":{"start":{"line":58,"column":36},"end":{"line":58,"column":78}},"locations":[{"start":{"line":58,"column":36},"end":{"line":58,"column":78}}]},"6":{"type":"branch","line":58,"loc":{"start":{"line":58,"column":62},"end":{"line":58,"column":80}},"locations":[{"start":{"line":58,"column":62},"end":{"line":58,"column":80}}]},"7":{"type":"branch","line":63,"loc":{"start":{"line":63,"column":12},"end":{"line":68,"column":3}},"locations":[{"start":{"line":63,"column":12},"end":{"line":68,"column":3}}]},"8":{"type":"branch","line":65,"loc":{"start":{"line":65,"column":15},"end":{"line":67,"column":5}},"locations":[{"start":{"line":65,"column":15},"end":{"line":67,"column":5}}]},"9":{"type":"branch","line":70,"loc":{"start":{"line":70,"column":12},"end":{"line":72,"column":3}},"locations":[{"start":{"line":70,"column":12},"end":{"line":72,"column":3}}]},"10":{"type":"branch","line":74,"loc":{"start":{"line":74,"column":10},"end":{"line":83,"column":3}},"locations":[{"start":{"line":74,"column":10},"end":{"line":83,"column":3}}]},"11":{"type":"branch","line":76,"loc":{"start":{"line":76,"column":43},"end":{"line":81,"column":5}},"locations":[{"start":{"line":76,"column":43},"end":{"line":81,"column":5}}]},"12":{"type":"branch","line":90,"loc":{"start":{"line":90,"column":2},"end":{"line":98,"column":3}},"locations":[{"start":{"line":90,"column":2},"end":{"line":98,"column":3}}]},"13":{"type":"branch","line":104,"loc":{"start":{"line":104,"column":29},"end":{"line":136,"column":1}},"locations":[{"start":{"line":104,"column":29},"end":{"line":136,"column":1}}]},"14":{"type":"branch","line":107,"loc":{"start":{"line":107,"column":2},"end":{"line":109,"column":3}},"locations":[{"start":{"line":107,"column":2},"end":{"line":109,"column":3}}]},"15":{"type":"branch","line":111,"loc":{"start":{"line":111,"column":2},"end":{"line":113,"column":3}},"locations":[{"start":{"line":111,"column":2},"end":{"line":113,"column":3}}]},"16":{"type":"branch","line":115,"loc":{"start":{"line":115,"column":2},"end":{"line":124,"column":3}},"locations":[{"start":{"line":115,"column":2},"end":{"line":124,"column":3}}]},"17":{"type":"branch","line":123,"loc":{"start":{"line":123,"column":34},"end":{"line":123,"column":36}},"locations":[{"start":{"line":123,"column":34},"end":{"line":123,"column":36}}]},"18":{"type":"branch","line":116,"loc":{"start":{"line":116,"column":64},"end":{"line":120,"column":8}},"locations":[{"start":{"line":116,"column":64},"end":{"line":120,"column":8}}]},"19":{"type":"branch","line":117,"loc":{"start":{"line":117,"column":33},"end":{"line":120,"column":7}},"locations":[{"start":{"line":117,"column":33},"end":{"line":120,"column":7}}]},"20":{"type":"branch","line":126,"loc":{"start":{"line":126,"column":2},"end":{"line":135,"column":3}},"locations":[{"start":{"line":126,"column":2},"end":{"line":135,"column":3}}]},"21":{"type":"branch","line":127,"loc":{"start":{"line":127,"column":67},"end":{"line":131,"column":8}},"locations":[{"start":{"line":127,"column":67},"end":{"line":131,"column":8}}]},"22":{"type":"branch","line":128,"loc":{"start":{"line":128,"column":30},"end":{"line":131,"column":7}},"locations":[{"start":{"line":128,"column":30},"end":{"line":131,"column":7}}]}},"b":{"0":[45],"1":[16],"2":[2],"3":[2],"4":[16],"5":[7],"6":[9],"7":[46],"8":[6],"9":[5],"10":[16],"11":[11],"12":[12],"13":[24],"14":[43],"15":[7],"16":[17],"17":[15],"18":[33],"19":[2],"20":[4],"21":[6],"22":[1]},"fnMap":{"0":{"name":"<instance_members_initializer>","decl":{"start":{"line":33,"column":64},"end":{"line":84,"column":1}},"loc":{"start":{"line":33,"column":64},"end":{"line":84,"column":1}},"line":33},"1":{"name":"initialize","decl":{"start":{"line":39,"column":2},"end":{"line":41,"column":3}},"loc":{"start":{"line":39,"column":2},"end":{"line":41,"column":3}},"line":39},"2":{"name":"cleanup","decl":{"start":{"line":43,"column":2},"end":{"line":45,"column":3}},"loc":{"start":{"line":43,"column":2},"end":{"line":45,"column":3}},"line":43},"3":{"name":"clearCache","decl":{"start":{"line":47,"column":2},"end":{"line":52,"column":3}},"loc":{"start":{"line":47,"column":2},"end":{"line":52,"column":3}},"line":47},"4":{"name":"getCacheStats","decl":{"start":{"line":54,"column":2},"end":{"line":61,"column":3}},"loc":{"start":{"line":54,"column":2},"end":{"line":61,"column":3}},"line":54},"5":{"name":"updateCacheStats","decl":{"start":{"line":63,"column":12},"end":{"line":68,"column":3}},"loc":{"start":{"line":63,"column":12},"end":{"line":68,"column":3}},"line":63},"6":{"name":"isCacheExpired","decl":{"start":{"line":70,"column":12},"end":{"line":72,"column":3}},"loc":{"start":{"line":70,"column":12},"end":{"line":72,"column":3}},"line":70},"7":{"name":"estimateMemoryUsage","decl":{"start":{"line":74,"column":10},"end":{"line":83,"column":3}},"loc":{"start":{"line":74,"column":10},"end":{"line":83,"column":3}},"line":74},"8":{"name":"ServiceError","decl":{"start":{"line":90,"column":2},"end":{"line":98,"column":3}},"loc":{"start":{"line":90,"column":2},"end":{"line":98,"column":3}},"line":90},"9":{"name":"<instance_members_initializer>","decl":{"start":{"line":104,"column":29},"end":{"line":136,"column":1}},"loc":{"start":{"line":104,"column":29},"end":{"line":136,"column":1}},"line":104},"10":{"name":"register","decl":{"start":{"line":107,"column":2},"end":{"line":109,"column":3}},"loc":{"start":{"line":107,"column":2},"end":{"line":109,"column":3}},"line":107},"11":{"name":"get","decl":{"start":{"line":111,"column":2},"end":{"line":113,"column":3}},"loc":{"start":{"line":111,"column":2},"end":{"line":113,"column":3}},"line":111},"12":{"name":"initializeAll","decl":{"start":{"line":115,"column":2},"end":{"line":124,"column":3}},"loc":{"start":{"line":115,"column":2},"end":{"line":124,"column":3}},"line":115},"13":{"name":"cleanupAll","decl":{"start":{"line":126,"column":2},"end":{"line":135,"column":3}},"loc":{"start":{"line":126,"column":2},"end":{"line":135,"column":3}},"line":126}},"f":{"0":45,"1":16,"2":2,"3":2,"4":16,"5":46,"6":5,"7":16,"8":12,"9":24,"10":43,"11":7,"12":17,"13":4}}
,"/Users/marco/Projects/personal/tailwindcss-mcp/src/services/documentation-scraper.ts": {"path":"/Users/marco/Projects/personal/tailwindcss-mcp/src/services/documentation-scraper.ts","all":false,"statementMap":{"5":{"start":{"line":6,"column":0},"end":{"line":6,"column":45}},"6":{"start":{"line":7,"column":0},"end":{"line":7,"column":35}},"7":{"start":{"line":8,"column":0},"end":{"line":8,"column":56}},"18":{"start":{"line":19,"column":0},"end":{"line":19,"column":64}},"19":{"start":{"line":20,"column":0},"end":{"line":20,"column":39}},"20":{"start":{"line":21,"column":0},"end":{"line":21,"column":65}},"21":{"start":{"line":22,"column":0},"end":{"line":22,"column":87}},"23":{"start":{"line":24,"column":0},"end":{"line":24,"column":17}},"24":{"start":{"line":25,"column":0},"end":{"line":25,"column":12}},"25":{"start":{"line":26,"column":0},"end":{"line":26,"column":39}},"26":{"start":{"line":27,"column":0},"end":{"line":27,"column":21}},"27":{"start":{"line":28,"column":0},"end":{"line":28,"column":16}},"28":{"start":{"line":29,"column":0},"end":{"line":29,"column":38}},"29":{"start":{"line":30,"column":0},"end":{"line":30,"column":8}},"30":{"start":{"line":31,"column":0},"end":{"line":31,"column":7}},"31":{"start":{"line":32,"column":0},"end":{"line":32,"column":3}},"33":{"start":{"line":34,"column":0},"end":{"line":34,"column":37}},"34":{"start":{"line":35,"column":0},"end":{"line":35,"column":29}},"35":{"start":{"line":36,"column":0},"end":{"line":36,"column":59}},"36":{"start":{"line":37,"column":0},"end":{"line":37,"column":3}},"41":{"start":{"line":42,"column":0},"end":{"line":42,"column":59}},"42":{"start":{"line":43,"column":0},"end":{"line":43,"column":55}},"43":{"start":{"line":44,"column":0},"end":{"line":44,"column":47}},"45":{"start":{"line":46,"column":0},"end":{"line":46,"column":33}},"48":{"start":{"line":49,"column":0},"end":{"line":49,"column":44}},"49":{"start":{"line":50,"column":0},"end":{"line":50,"column":49}},"50":{"start":{"line":51,"column":0},"end":{"line":51,"column":34}},"51":{"start":{"line":52,"column":0},"end":{"line":52,"column":20}},"52":{"start":{"line":53,"column":0},"end":{"line":53,"column":5}},"54":{"start":{"line":55,"column":0},"end":{"line":55,"column":9}},"55":{"start":{"line":56,"column":0},"end":{"line":56,"column":61}},"56":{"start":{"line":57,"column":0},"end":{"line":57,"column":61}},"58":{"start":{"line":59,"column":0},"end":{"line":59,"column":40}},"59":{"start":{"line":60,"column":0},"end":{"line":60,"column":21}},"60":{"start":{"line":61,"column":0},"end":{"line":61,"column":31}},"61":{"start":{"line":62,"column":0},"end":{"line":62,"column":32}},"62":{"start":{"line":63,"column":0},"end":{"line":63,"column":49}},"63":{"start":{"line":64,"column":0},"end":{"line":64,"column":19}},"64":{"start":{"line":65,"column":0},"end":{"line":65,"column":56}},"65":{"start":{"line":66,"column":0},"end":{"line":66,"column":38}},"66":{"start":{"line":67,"column":0},"end":{"line":67,"column":10}},"67":{"start":{"line":68,"column":0},"end":{"line":68,"column":8}},"69":{"start":{"line":70,"column":0},"end":{"line":70,"column":41}},"70":{"start":{"line":71,"column":0},"end":{"line":71,"column":22}},"72":{"start":{"line":73,"column":0},"end":{"line":73,"column":21}},"73":{"start":{"line":74,"column":0},"end":{"line":74,"column":29}},"74":{"start":{"line":75,"column":0},"end":{"line":75,"column":58}},"75":{"start":{"line":76,"column":0},"end":{"line":76,"column":38}},"76":{"start":{"line":77,"column":0},"end":{"line":77,"column":21}},"77":{"start":{"line":78,"column":0},"end":{"line":78,"column":13}},"78":{"start":{"line":79,"column":0},"end":{"line":79,"column":8}},"79":{"start":{"line":80,"column":0},"end":{"line":80,"column":5}},"80":{"start":{"line":81,"column":0},"end":{"line":81,"column":3}},"85":{"start":{"line":86,"column":0},"end":{"line":86,"column":108}},"86":{"start":{"line":87,"column":0},"end":{"line":87,"column":9}},"89":{"start":{"line":90,"column":0},"end":{"line":90,"column":55}},"90":{"start":{"line":91,"column":0},"end":{"line":91,"column":48}},"92":{"start":{"line":93,"column":0},"end":{"line":93,"column":41}},"93":{"start":{"line":94,"column":0},"end":{"line":94,"column":46}},"96":{"start":{"line":97,"column":0},"end":{"line":97,"column":51}},"97":{"start":{"line":98,"column":0},"end":{"line":98,"column":32}},"98":{"start":{"line":99,"column":0},"end":{"line":99,"column":39}},"99":{"start":{"line":100,"column":0},"end":{"line":100,"column":40}},"101":{"start":{"line":102,"column":0},"end":{"line":102,"column":27}},"102":{"start":{"line":103,"column":0},"end":{"line":103,"column":71}},"103":{"start":{"line":104,"column":0},"end":{"line":104,"column":30}},"104":{"start":{"line":105,"column":0},"end":{"line":105,"column":26}},"105":{"start":{"line":106,"column":0},"end":{"line":106,"column":26}},"106":{"start":{"line":107,"column":0},"end":{"line":107,"column":54}},"107":{"start":{"line":108,"column":0},"end":{"line":108,"column":62}},"108":{"start":{"line":109,"column":0},"end":{"line":109,"column":24}},"109":{"start":{"line":110,"column":0},"end":{"line":110,"column":15}},"110":{"start":{"line":111,"column":0},"end":{"line":111,"column":11}},"111":{"start":{"line":112,"column":0},"end":{"line":112,"column":9}},"112":{"start":{"line":113,"column":0},"end":{"line":113,"column":9}},"115":{"start":{"line":116,"column":0},"end":{"line":116,"column":20}},"116":{"start":{"line":117,"column":0},"end":{"line":117,"column":50}},"117":{"start":{"line":118,"column":0},"end":{"line":118,"column":25}},"119":{"start":{"line":120,"column":0},"end":{"line":120,"column":21}},"120":{"start":{"line":121,"column":0},"end":{"line":121,"column":29}},"121":{"start":{"line":122,"column":0},"end":{"line":122,"column":61}},"122":{"start":{"line":123,"column":0},"end":{"line":123,"column":38}},"123":{"start":{"line":124,"column":0},"end":{"line":124,"column":30}},"124":{"start":{"line":125,"column":0},"end":{"line":125,"column":13}},"125":{"start":{"line":126,"column":0},"end":{"line":126,"column":8}},"126":{"start":{"line":127,"column":0},"end":{"line":127,"column":5}},"127":{"start":{"line":128,"column":0},"end":{"line":128,"column":3}},"132":{"start":{"line":133,"column":0},"end":{"line":133,"column":82}},"133":{"start":{"line":134,"column":0},"end":{"line":134,"column":9}},"134":{"start":{"line":135,"column":0},"end":{"line":135,"column":64}},"135":{"start":{"line":136,"column":0},"end":{"line":136,"column":42}},"138":{"start":{"line":139,"column":0},"end":{"line":139,"column":50}},"139":{"start":{"line":140,"column":0},"end":{"line":140,"column":66}},"142":{"start":{"line":143,"column":0},"end":{"line":143,"column":51}},"145":{"start":{"line":146,"column":0},"end":{"line":146,"column":50}},"148":{"start":{"line":149,"column":0},"end":{"line":149,"column":14}},"149":{"start":{"line":150,"column":0},"end":{"line":150,"column":24}},"150":{"start":{"line":151,"column":0},"end":{"line":151,"column":20}},"151":{"start":{"line":152,"column":0},"end":{"line":152,"column":19}},"152":{"start":{"line":153,"column":0},"end":{"line":153,"column":52}},"153":{"start":{"line":154,"column":0},"end":{"line":154,"column":54}},"154":{"start":{"line":155,"column":0},"end":{"line":155,"column":26}},"155":{"start":{"line":156,"column":0},"end":{"line":156,"column":24}},"156":{"start":{"line":157,"column":0},"end":{"line":157,"column":10}},"157":{"start":{"line":158,"column":0},"end":{"line":158,"column":50}},"158":{"start":{"line":159,"column":0},"end":{"line":159,"column":15}},"159":{"start":{"line":160,"column":0},"end":{"line":160,"column":43}},"160":{"start":{"line":161,"column":0},"end":{"line":161,"column":17}},"161":{"start":{"line":162,"column":0},"end":{"line":162,"column":35}},"162":{"start":{"line":163,"column":0},"end":{"line":163,"column":8}},"164":{"start":{"line":165,"column":0},"end":{"line":165,"column":21}},"165":{"start":{"line":166,"column":0},"end":{"line":166,"column":81}},"166":{"start":{"line":167,"column":0},"end":{"line":167,"column":18}},"167":{"start":{"line":168,"column":0},"end":{"line":168,"column":5}},"168":{"start":{"line":169,"column":0},"end":{"line":169,"column":3}},"173":{"start":{"line":174,"column":0},"end":{"line":174,"column":92}},"174":{"start":{"line":175,"column":0},"end":{"line":175,"column":9}},"175":{"start":{"line":176,"column":0},"end":{"line":176,"column":89}},"176":{"start":{"line":177,"column":0},"end":{"line":177,"column":52}},"177":{"start":{"line":178,"column":0},"end":{"line":178,"column":42}},"179":{"start":{"line":180,"column":0},"end":{"line":180,"column":50}},"180":{"start":{"line":181,"column":0},"end":{"line":181,"column":66}},"182":{"start":{"line":183,"column":0},"end":{"line":183,"column":43}},"183":{"start":{"line":184,"column":0},"end":{"line":184,"column":37}},"184":{"start":{"line":185,"column":0},"end":{"line":185,"column":37}},"185":{"start":{"line":186,"column":0},"end":{"line":186,"column":45}},"187":{"start":{"line":188,"column":0},"end":{"line":188,"column":19}},"188":{"start":{"line":189,"column":0},"end":{"line":189,"column":46}},"189":{"start":{"line":190,"column":0},"end":{"line":190,"column":73}},"190":{"start":{"line":191,"column":0},"end":{"line":191,"column":38}},"191":{"start":{"line":192,"column":0},"end":{"line":192,"column":49}},"192":{"start":{"line":193,"column":0},"end":{"line":193,"column":11}},"194":{"start":{"line":195,"column":0},"end":{"line":195,"column":25}},"195":{"start":{"line":196,"column":0},"end":{"line":196,"column":18}},"196":{"start":{"line":197,"column":0},"end":{"line":197,"column":17}},"197":{"start":{"line":198,"column":0},"end":{"line":198,"column":22}},"198":{"start":{"line":199,"column":0},"end":{"line":199,"column":13}},"199":{"start":{"line":200,"column":0},"end":{"line":200,"column":9}},"200":{"start":{"line":201,"column":0},"end":{"line":201,"column":9}},"202":{"start":{"line":203,"column":0},"end":{"line":203,"column":14}},"203":{"start":{"line":204,"column":0},"end":{"line":204,"column":21}},"204":{"start":{"line":205,"column":0},"end":{"line":205,"column":20}},"205":{"start":{"line":206,"column":0},"end":{"line":206,"column":17}},"206":{"start":{"line":207,"column":0},"end":{"line":207,"column":58}},"207":{"start":{"line":208,"column":0},"end":{"line":208,"column":8}},"209":{"start":{"line":210,"column":0},"end":{"line":210,"column":21}},"210":{"start":{"line":211,"column":0},"end":{"line":211,"column":75}},"211":{"start":{"line":212,"column":0},"end":{"line":212,"column":18}},"212":{"start":{"line":213,"column":0},"end":{"line":213,"column":5}},"213":{"start":{"line":214,"column":0},"end":{"line":214,"column":3}},"218":{"start":{"line":219,"column":0},"end":{"line":219,"column":44}},"219":{"start":{"line":220,"column":0},"end":{"line":220,"column":24}},"220":{"start":{"line":221,"column":0},"end":{"line":221,"column":3}},"222":{"start":{"line":223,"column":0},"end":{"line":223,"column":53}},"223":{"start":{"line":224,"column":0},"end":{"line":224,"column":55}},"224":{"start":{"line":225,"column":0},"end":{"line":225,"column":51}},"225":{"start":{"line":226,"column":0},"end":{"line":226,"column":3}},"227":{"start":{"line":228,"column":0},"end":{"line":228,"column":67}},"228":{"start":{"line":229,"column":0},"end":{"line":229,"column":41}},"229":{"start":{"line":230,"column":0},"end":{"line":230,"column":43}},"231":{"start":{"line":232,"column":0},"end":{"line":232,"column":45}},"232":{"start":{"line":233,"column":0},"end":{"line":233,"column":51}},"233":{"start":{"line":234,"column":0},"end":{"line":234,"column":53}},"236":{"start":{"line":237,"column":0},"end":{"line":237,"column":45}},"237":{"start":{"line":238,"column":0},"end":{"line":238,"column":47}},"238":{"start":{"line":239,"column":0},"end":{"line":239,"column":52}},"239":{"start":{"line":240,"column":0},"end":{"line":240,"column":57}},"240":{"start":{"line":241,"column":0},"end":{"line":241,"column":6}},"242":{"start":{"line":243,"column":0},"end":{"line":243,"column":58}},"243":{"start":{"line":244,"column":0},"end":{"line":244,"column":3}},"245":{"start":{"line":246,"column":0},"end":{"line":246,"column":88}},"246":{"start":{"line":247,"column":0},"end":{"line":247,"column":66}},"247":{"start":{"line":248,"column":0},"end":{"line":248,"column":58}},"249":{"start":{"line":250,"column":0},"end":{"line":250,"column":42}},"250":{"start":{"line":251,"column":0},"end":{"line":251,"column":65}},"252":{"start":{"line":253,"column":0},"end":{"line":253,"column":38}},"253":{"start":{"line":254,"column":0},"end":{"line":254,"column":3}},"255":{"start":{"line":256,"column":0},"end":{"line":256,"column":65}},"256":{"start":{"line":257,"column":0},"end":{"line":257,"column":35}},"257":{"start":{"line":258,"column":0},"end":{"line":258,"column":35}},"258":{"start":{"line":259,"column":0},"end":{"line":259,"column":35}},"259":{"start":{"line":260,"column":0},"end":{"line":260,"column":43}},"261":{"start":{"line":262,"column":0},"end":{"line":262,"column":17}},"262":{"start":{"line":263,"column":0},"end":{"line":263,"column":30}},"263":{"start":{"line":264,"column":0},"end":{"line":264,"column":71}},"264":{"start":{"line":265,"column":0},"end":{"line":265,"column":36}},"265":{"start":{"line":266,"column":0},"end":{"line":266,"column":47}},"266":{"start":{"line":267,"column":0},"end":{"line":267,"column":9}},"268":{"start":{"line":269,"column":0},"end":{"line":269,"column":23}},"269":{"start":{"line":270,"column":0},"end":{"line":270,"column":16}},"270":{"start":{"line":271,"column":0},"end":{"line":271,"column":15}},"271":{"start":{"line":272,"column":0},"end":{"line":272,"column":43}},"272":{"start":{"line":273,"column":0},"end":{"line":273,"column":11}},"273":{"start":{"line":274,"column":0},"end":{"line":274,"column":7}},"274":{"start":{"line":275,"column":0},"end":{"line":275,"column":7}},"276":{"start":{"line":277,"column":0},"end":{"line":277,"column":20}},"277":{"start":{"line":278,"column":0},"end":{"line":278,"column":3}},"279":{"start":{"line":280,"column":0},"end":{"line":280,"column":71}},"282":{"start":{"line":283,"column":0},"end":{"line":283,"column":14}},"283":{"start":{"line":284,"column":0},"end":{"line":284,"column":3}},"285":{"start":{"line":286,"column":0},"end":{"line":286,"column":57}},"287":{"start":{"line":288,"column":0},"end":{"line":288,"column":49}},"288":{"start":{"line":289,"column":0},"end":{"line":289,"column":27}},"289":{"start":{"line":290,"column":0},"end":{"line":290,"column":25}},"290":{"start":{"line":291,"column":0},"end":{"line":291,"column":23}},"291":{"start":{"line":292,"column":0},"end":{"line":292,"column":25}},"292":{"start":{"line":293,"column":0},"end":{"line":293,"column":23}},"293":{"start":{"line":294,"column":0},"end":{"line":294,"column":39}},"294":{"start":{"line":295,"column":0},"end":{"line":295,"column":28}},"295":{"start":{"line":296,"column":0},"end":{"line":296,"column":22}},"296":{"start":{"line":297,"column":0},"end":{"line":297,"column":6}},"298":{"start":{"line":299,"column":0},"end":{"line":299,"column":48}},"299":{"start":{"line":300,"column":0},"end":{"line":300,"column":61}},"300":{"start":{"line":301,"column":0},"end":{"line":301,"column":36}},"301":{"start":{"line":302,"column":0},"end":{"line":302,"column":21}},"302":{"start":{"line":303,"column":0},"end":{"line":303,"column":7}},"303":{"start":{"line":304,"column":0},"end":{"line":304,"column":5}},"305":{"start":{"line":306,"column":0},"end":{"line":306,"column":21}},"306":{"start":{"line":307,"column":0},"end":{"line":307,"column":3}},"307":{"start":{"line":308,"column":0},"end":{"line":308,"column":1}}},"s":{"5":1,"6":1,"7":1,"18":1,"19":37,"20":37,"21":37,"23":37,"24":37,"25":37,"26":37,"27":37,"28":37,"29":37,"30":37,"31":37,"33":37,"34":15,"35":15,"36":15,"41":37,"42":39,"43":39,"45":39,"48":39,"49":39,"50":3,"51":3,"52":3,"54":36,"55":36,"56":36,"58":29,"59":29,"60":29,"61":29,"62":29,"63":29,"64":29,"65":29,"66":29,"67":29,"69":29,"70":29,"72":39,"73":7,"74":7,"75":7,"76":7,"77":7,"78":7,"79":7,"80":39,"85":37,"86":7,"89":7,"90":6,"92":6,"93":6,"96":6,"97":336,"98":336,"99":336,"101":336,"102":336,"103":336,"104":66,"105":66,"106":66,"107":66,"108":66,"109":66,"110":66,"111":336,"112":6,"115":6,"116":6,"117":6,"119":7,"120":1,"121":1,"122":1,"123":1,"124":1,"125":1,"126":1,"127":7,"132":37,"133":13,"134":13,"135":12,"138":12,"139":12,"142":12,"145":12,"148":12,"149":12,"150":12,"151":12,"152":12,"153":12,"154":12,"155":12,"156":12,"157":12,"158":12,"159":12,"160":12,"161":12,"162":12,"164":13,"165":1,"166":1,"167":1,"168":13,"173":37,"174":3,"175":3,"176":3,"177":2,"179":2,"180":2,"182":2,"183":2,"184":2,"185":2,"187":2,"188":2,"189":2,"190":2,"191":0,"192":0,"194":2,"195":2,"196":2,"197":2,"198":2,"199":2,"200":2,"202":2,"203":2,"204":2,"205":2,"206":2,"207":2,"209":3,"210":1,"211":1,"212":1,"213":3,"218":37,"219":39,"220":39,"222":37,"223":53,"224":53,"225":53,"227":37,"228":336,"229":336,"231":336,"232":336,"233":336,"236":270,"237":270,"238":270,"239":270,"240":270,"242":270,"243":336,"245":37,"246":66,"247":66,"249":66,"250":66,"252":66,"253":66,"255":37,"256":12,"257":12,"258":16,"259":16,"261":16,"262":16,"263":16,"264":16,"265":0,"266":0,"268":16,"269":16,"270":16,"271":16,"272":16,"273":16,"274":12,"276":12,"277":12,"279":37,"282":12,"283":12,"285":37,"287":12,"288":12,"289":12,"290":12,"291":12,"292":12,"293":12,"294":12,"295":12,"296":12,"298":12,"299":12,"300":35,"301":11,"302":11,"303":35,"305":1,"306":12,"307":37},"branchMap":{"0":{"type":"branch","line":19,"loc":{"start":{"line":19,"column":63},"end":{"line":308,"column":1}},"locations":[{"start":{"line":19,"column":63},"end":{"line":308,"column":1}}]},"1":{"type":"branch","line":24,"loc":{"start":{"line":24,"column":2},"end":{"line":32,"column":3}},"locations":[{"start":{"line":24,"column":2},"end":{"line":32,"column":3}}]},"2":{"type":"branch","line":34,"loc":{"start":{"line":34,"column":2},"end":{"line":37,"column":3}},"locations":[{"start":{"line":34,"column":2},"end":{"line":37,"column":3}}]},"3":{"type":"branch","line":42,"loc":{"start":{"line":42,"column":2},"end":{"line":81,"column":3}},"locations":[{"start":{"line":42,"column":2},"end":{"line":81,"column":3}}]},"4":{"type":"branch","line":50,"loc":{"start":{"line":50,"column":8},"end":{"line":50,"column":48}},"locations":[{"start":{"line":50,"column":8},"end":{"line":50,"column":48}}]},"5":{"type":"branch","line":50,"loc":{"start":{"line":50,"column":48},"end":{"line":53,"column":5}},"locations":[{"start":{"line":50,"column":48},"end":{"line":53,"column":5}}]},"6":{"type":"branch","line":53,"loc":{"start":{"line":53,"column":4},"end":{"line":57,"column":61}},"locations":[{"start":{"line":53,"column":4},"end":{"line":57,"column":61}}]},"7":{"type":"branch","line":57,"loc":{"start":{"line":57,"column":59},"end":{"line":73,"column":13}},"locations":[{"start":{"line":57,"column":59},"end":{"line":73,"column":13}}]},"8":{"type":"branch","line":73,"loc":{"start":{"line":73,"column":4},"end":{"line":80,"column":5}},"locations":[{"start":{"line":73,"column":4},"end":{"line":80,"column":5}}]},"9":{"type":"branch","line":86,"loc":{"start":{"line":86,"column":2},"end":{"line":128,"column":3}},"locations":[{"start":{"line":86,"column":2},"end":{"line":128,"column":3}}]},"10":{"type":"branch","line":90,"loc":{"start":{"line":90,"column":53},"end":{"line":120,"column":13}},"locations":[{"start":{"line":90,"column":53},"end":{"line":120,"column":13}}]},"11":{"type":"branch","line":120,"loc":{"start":{"line":120,"column":4},"end":{"line":127,"column":5}},"locations":[{"start":{"line":120,"column":4},"end":{"line":127,"column":5}}]},"12":{"type":"branch","line":97,"loc":{"start":{"line":97,"column":34},"end":{"line":113,"column":7}},"locations":[{"start":{"line":97,"column":34},"end":{"line":113,"column":7}}]},"13":{"type":"branch","line":104,"loc":{"start":{"line":104,"column":29},"end":{"line":111,"column":11}},"locations":[{"start":{"line":104,"column":29},"end":{"line":111,"column":11}}]},"14":{"type":"branch","line":117,"loc":{"start":{"line":117,"column":14},"end":{"line":117,"column":49}},"locations":[{"start":{"line":117,"column":14},"end":{"line":117,"column":49}}]},"15":{"type":"branch","line":133,"loc":{"start":{"line":133,"column":2},"end":{"line":169,"column":3}},"locations":[{"start":{"line":133,"column":2},"end":{"line":169,"column":3}}]},"16":{"type":"branch","line":135,"loc":{"start":{"line":135,"column":62},"end":{"line":165,"column":13}},"locations":[{"start":{"line":135,"column":62},"end":{"line":165,"column":13}}]},"17":{"type":"branch","line":165,"loc":{"start":{"line":165,"column":4},"end":{"line":168,"column":5}},"locations":[{"start":{"line":165,"column":4},"end":{"line":168,"column":5}}]},"18":{"type":"branch","line":174,"loc":{"start":{"line":174,"column":2},"end":{"line":214,"column":3}},"locations":[{"start":{"line":174,"column":2},"end":{"line":214,"column":3}}]},"19":{"type":"branch","line":176,"loc":{"start":{"line":176,"column":25},"end":{"line":176,"column":67}},"locations":[{"start":{"line":176,"column":25},"end":{"line":176,"column":67}}]},"20":{"type":"branch","line":176,"loc":{"start":{"line":176,"column":62},"end":{"line":176,"column":89}},"locations":[{"start":{"line":176,"column":62},"end":{"line":176,"column":89}}]},"21":{"type":"branch","line":177,"loc":{"start":{"line":177,"column":50},"end":{"line":210,"column":13}},"locations":[{"start":{"line":177,"column":50},"end":{"line":210,"column":13}}]},"22":{"type":"branch","line":210,"loc":{"start":{"line":210,"column":4},"end":{"line":213,"column":5}},"locations":[{"start":{"line":210,"column":4},"end":{"line":213,"column":5}}]},"23":{"type":"branch","line":184,"loc":{"start":{"line":184,"column":20},"end":{"line":201,"column":7}},"locations":[{"start":{"line":184,"column":20},"end":{"line":201,"column":7}}]},"24":{"type":"branch","line":191,"loc":{"start":{"line":191,"column":37},"end":{"line":193,"column":11}},"locations":[{"start":{"line":191,"column":37},"end":{"line":193,"column":11}}]},"25":{"type":"branch","line":219,"loc":{"start":{"line":219,"column":10},"end":{"line":221,"column":3}},"locations":[{"start":{"line":219,"column":10},"end":{"line":221,"column":3}}]},"26":{"type":"branch","line":223,"loc":{"start":{"line":223,"column":10},"end":{"line":226,"column":3}},"locations":[{"start":{"line":223,"column":10},"end":{"line":226,"column":3}}]},"27":{"type":"branch","line":225,"loc":{"start":{"line":225,"column":26},"end":{"line":225,"column":41}},"locations":[{"start":{"line":225,"column":26},"end":{"line":225,"column":41}}]},"28":{"type":"branch","line":225,"loc":{"start":{"line":225,"column":37},"end":{"line":225,"column":51}},"locations":[{"start":{"line":225,"column":37},"end":{"line":225,"column":51}}]},"29":{"type":"branch","line":224,"loc":{"start":{"line":224,"column":41},"end":{"line":224,"column":53}},"locations":[{"start":{"line":224,"column":41},"end":{"line":224,"column":53}}]},"30":{"type":"branch","line":228,"loc":{"start":{"line":228,"column":10},"end":{"line":244,"column":3}},"locations":[{"start":{"line":228,"column":10},"end":{"line":244,"column":3}}]},"31":{"type":"branch","line":232,"loc":{"start":{"line":232,"column":34},"end":{"line":232,"column":45}},"locations":[{"start":{"line":232,"column":34},"end":{"line":232,"column":45}}]},"32":{"type":"branch","line":232,"loc":{"start":{"line":232,"column":41},"end":{"line":233,"column":47}},"locations":[{"start":{"line":232,"column":41},"end":{"line":233,"column":47}}]},"33":{"type":"branch","line":233,"loc":{"start":{"line":233,"column":40},"end":{"line":233,"column":51}},"locations":[{"start":{"line":233,"column":40},"end":{"line":233,"column":51}}]},"34":{"type":"branch","line":233,"loc":{"start":{"line":233,"column":47},"end":{"line":234,"column":49}},"locations":[{"start":{"line":233,"column":47},"end":{"line":234,"column":49}}]},"35":{"type":"branch","line":234,"loc":{"start":{"line":234,"column":42},"end":{"line":234,"column":53}},"locations":[{"start":{"line":234,"column":42},"end":{"line":234,"column":53}}]},"36":{"type":"branch","line":234,"loc":{"start":{"line":234,"column":49},"end":{"line":243,"column":58}},"locations":[{"start":{"line":234,"column":49},"end":{"line":243,"column":58}}]},"37":{"type":"branch","line":239,"loc":{"start":{"line":239,"column":44},"end":{"line":240,"column":57}},"locations":[{"start":{"line":239,"column":44},"end":{"line":240,"column":57}}]},"38":{"type":"branch","line":240,"loc":{"start":{"line":240,"column":21},"end":{"line":240,"column":56}},"locations":[{"start":{"line":240,"column":21},"end":{"line":240,"column":56}}]},"39":{"type":"branch","line":246,"loc":{"start":{"line":246,"column":10},"end":{"line":254,"column":3}},"locations":[{"start":{"line":246,"column":10},"end":{"line":254,"column":3}}]},"40":{"type":"branch","line":248,"loc":{"start":{"line":248,"column":22},"end":{"line":248,"column":58}},"locations":[{"start":{"line":248,"column":22},"end":{"line":248,"column":58}}]},"41":{"type":"branch","line":256,"loc":{"start":{"line":256,"column":10},"end":{"line":278,"column":3}},"locations":[{"start":{"line":256,"column":10},"end":{"line":278,"column":3}}]},"42":{"type":"branch","line":258,"loc":{"start":{"line":258,"column":18},"end":{"line":275,"column":5}},"locations":[{"start":{"line":258,"column":18},"end":{"line":275,"column":5}}]},"43":{"type":"branch","line":265,"loc":{"start":{"line":265,"column":35},"end":{"line":267,"column":9}},"locations":[{"start":{"line":265,"column":35},"end":{"line":267,"column":9}}]},"44":{"type":"branch","line":280,"loc":{"start":{"line":280,"column":10},"end":{"line":284,"column":3}},"locations":[{"start":{"line":280,"column":10},"end":{"line":284,"column":3}}]},"45":{"type":"branch","line":286,"loc":{"start":{"line":286,"column":10},"end":{"line":307,"column":3}},"locations":[{"start":{"line":286,"column":10},"end":{"line":307,"column":3}}]},"46":{"type":"branch","line":300,"loc":{"start":{"line":300,"column":60},"end":{"line":304,"column":5}},"locations":[{"start":{"line":300,"column":60},"end":{"line":304,"column":5}}]},"47":{"type":"branch","line":301,"loc":{"start":{"line":301,"column":35},"end":{"line":303,"column":7}},"locations":[{"start":{"line":301,"column":35},"end":{"line":303,"column":7}}]},"48":{"type":"branch","line":304,"loc":{"start":{"line":304,"column":4},"end":{"line":306,"column":21}},"locations":[{"start":{"line":304,"column":4},"end":{"line":306,"column":21}}]}},"b":{"0":[37],"1":[37],"2":[15],"3":[39],"4":[3],"5":[3],"6":[36],"7":[29],"8":[7],"9":[7],"10":[6],"11":[1],"12":[336],"13":[66],"14":[60],"15":[13],"16":[12],"17":[1],"18":[3],"19":[1],"20":[2],"21":[2],"22":[1],"23":[2],"24":[0],"25":[39],"26":[53],"27":[23],"28":[30],"29":[107],"30":[336],"31":[4],"32":[332],"33":[62],"34":[270],"35":[0],"36":[270],"37":[270],"38":[498],"39":[66],"40":[0],"41":[12],"42":[16],"43":[0],"44":[12],"45":[12],"46":[35],"47":[11],"48":[1]},"fnMap":{"0":{"name":"<instance_members_initializer>","decl":{"start":{"line":19,"column":63},"end":{"line":308,"column":1}},"loc":{"start":{"line":19,"column":63},"end":{"line":308,"column":1}},"line":19},"1":{"name":"DocumentationScraperService","decl":{"start":{"line":24,"column":2},"end":{"line":32,"column":3}},"loc":{"start":{"line":24,"column":2},"end":{"line":32,"column":3}},"line":24},"2":{"name":"initialize","decl":{"start":{"line":34,"column":2},"end":{"line":37,"column":3}},"loc":{"start":{"line":34,"column":2},"end":{"line":37,"column":3}},"line":34},"3":{"name":"scrapePage","decl":{"start":{"line":42,"column":2},"end":{"line":81,"column":3}},"loc":{"start":{"line":42,"column":2},"end":{"line":81,"column":3}},"line":42},"4":{"name":"searchDocumentation","decl":{"start":{"line":86,"column":2},"end":{"line":128,"column":3}},"loc":{"start":{"line":86,"column":2},"end":{"line":128,"column":3}},"line":86},"5":{"name":"extractUtilityInfo","decl":{"start":{"line":133,"column":2},"end":{"line":169,"column":3}},"loc":{"start":{"line":133,"column":2},"end":{"line":169,"column":3}},"line":133},"6":{"name":"extractConfigGuide","decl":{"start":{"line":174,"column":2},"end":{"line":214,"column":3}},"loc":{"start":{"line":174,"column":2},"end":{"line":214,"column":3}},"line":174},"7":{"name":"getCacheKey","decl":{"start":{"line":219,"column":10},"end":{"line":221,"column":3}},"loc":{"start":{"line":219,"column":10},"end":{"line":221,"column":3}},"line":219},"8":{"name":"getCategoryFromPath","decl":{"start":{"line":223,"column":10},"end":{"line":226,"column":3}},"loc":{"start":{"line":223,"column":10},"end":{"line":226,"column":3}},"line":223},"9":{"name":"calculateRelevance","decl":{"start":{"line":228,"column":10},"end":{"line":244,"column":3}},"loc":{"start":{"line":228,"column":10},"end":{"line":244,"column":3}},"line":228},"10":{"name":"extractSnippet","decl":{"start":{"line":246,"column":10},"end":{"line":254,"column":3}},"loc":{"start":{"line":246,"column":10},"end":{"line":254,"column":3}},"line":246},"11":{"name":"extractCodeExamples","decl":{"start":{"line":256,"column":10},"end":{"line":278,"column":3}},"loc":{"start":{"line":256,"column":10},"end":{"line":278,"column":3}},"line":256},"12":{"name":"extractUtilityValues","decl":{"start":{"line":280,"column":10},"end":{"line":284,"column":3}},"loc":{"start":{"line":280,"column":10},"end":{"line":284,"column":3}},"line":280},"13":{"name":"inferCSSProperty","decl":{"start":{"line":286,"column":10},"end":{"line":307,"column":3}},"loc":{"start":{"line":286,"column":10},"end":{"line":307,"column":3}},"line":286}},"f":{"0":37,"1":37,"2":15,"3":39,"4":7,"5":13,"6":3,"7":39,"8":53,"9":336,"10":66,"11":12,"12":12,"13":12}}
,"/Users/marco/Projects/personal/tailwindcss-mcp/src/services/utility-mapper.ts": {"path":"/Users/marco/Projects/personal/tailwindcss-mcp/src/services/utility-mapper.ts","all":false,"statementMap":{"6":{"start":{"line":7,"column":0},"end":{"line":7,"column":30}},"7":{"start":{"line":8,"column":0},"end":{"line":8,"column":54}},"16":{"start":{"line":17,"column":0},"end":{"line":17,"column":58}},"17":{"start":{"line":18,"column":0},"end":{"line":18,"column":63}},"18":{"start":{"line":19,"column":0},"end":{"line":19,"column":60}},"19":{"start":{"line":20,"column":0},"end":{"line":20,"column":55}},"21":{"start":{"line":22,"column":0},"end":{"line":22,"column":37}},"22":{"start":{"line":23,"column":0},"end":{"line":23,"column":37}},"23":{"start":{"line":24,"column":0},"end":{"line":24,"column":35}},"24":{"start":{"line":25,"column":0},"end":{"line":25,"column":52}},"25":{"start":{"line":26,"column":0},"end":{"line":26,"column":3}},"27":{"start":{"line":28,"column":0},"end":{"line":28,"column":34}},"28":{"start":{"line":29,"column":0},"end":{"line":29,"column":28}},"29":{"start":{"line":30,"column":0},"end":{"line":30,"column":32}},"30":{"start":{"line":31,"column":0},"end":{"line":31,"column":26}},"31":{"start":{"line":32,"column":0},"end":{"line":32,"column":3}},"36":{"start":{"line":37,"column":0},"end":{"line":37,"column":124}},"37":{"start":{"line":38,"column":0},"end":{"line":38,"column":9}},"38":{"start":{"line":39,"column":0},"end":{"line":39,"column":71}},"39":{"start":{"line":40,"column":0},"end":{"line":40,"column":31}},"41":{"start":{"line":42,"column":0},"end":{"line":42,"column":43}},"42":{"start":{"line":43,"column":0},"end":{"line":43,"column":45}},"43":{"start":{"line":44,"column":0},"end":{"line":44,"column":39}},"45":{"start":{"line":46,"column":0},"end":{"line":46,"column":32}},"46":{"start":{"line":47,"column":0},"end":{"line":47,"column":38}},"47":{"start":{"line":48,"column":0},"end":{"line":48,"column":36}},"49":{"start":{"line":50,"column":0},"end":{"line":50,"column":63}},"51":{"start":{"line":52,"column":0},"end":{"line":52,"column":48}},"52":{"start":{"line":53,"column":0},"end":{"line":53,"column":83}},"53":{"start":{"line":54,"column":0},"end":{"line":54,"column":32}},"54":{"start":{"line":55,"column":0},"end":{"line":55,"column":50}},"55":{"start":{"line":56,"column":0},"end":{"line":56,"column":18}},"57":{"start":{"line":58,"column":0},"end":{"line":58,"column":88}},"58":{"start":{"line":59,"column":0},"end":{"line":59,"column":35}},"59":{"start":{"line":60,"column":0},"end":{"line":60,"column":53}},"60":{"start":{"line":61,"column":0},"end":{"line":61,"column":101}},"61":{"start":{"line":62,"column":0},"end":{"line":62,"column":20}},"62":{"start":{"line":63,"column":0},"end":{"line":63,"column":68}},"63":{"start":{"line":64,"column":0},"end":{"line":64,"column":13}},"64":{"start":{"line":65,"column":0},"end":{"line":65,"column":11}},"65":{"start":{"line":66,"column":0},"end":{"line":66,"column":16}},"66":{"start":{"line":67,"column":0},"end":{"line":67,"column":64}},"67":{"start":{"line":68,"column":0},"end":{"line":68,"column":9}},"68":{"start":{"line":69,"column":0},"end":{"line":69,"column":9}},"70":{"start":{"line":71,"column":0},"end":{"line":71,"column":14}},"71":{"start":{"line":72,"column":0},"end":{"line":72,"column":51}},"72":{"start":{"line":73,"column":0},"end":{"line":73,"column":88}},"73":{"start":{"line":74,"column":0},"end":{"line":74,"column":70}},"74":{"start":{"line":75,"column":0},"end":{"line":75,"column":8}},"76":{"start":{"line":77,"column":0},"end":{"line":77,"column":21}},"77":{"start":{"line":78,"column":0},"end":{"line":78,"column":29}},"78":{"start":{"line":79,"column":0},"end":{"line":79,"column":47}},"79":{"start":{"line":80,"column":0},"end":{"line":80,"column":31}},"80":{"start":{"line":81,"column":0},"end":{"line":81,"column":31}},"81":{"start":{"line":82,"column":0},"end":{"line":82,"column":13}},"82":{"start":{"line":83,"column":0},"end":{"line":83,"column":8}},"83":{"start":{"line":84,"column":0},"end":{"line":84,"column":5}},"84":{"start":{"line":85,"column":0},"end":{"line":85,"column":3}},"89":{"start":{"line":90,"column":0},"end":{"line":90,"column":63}},"90":{"start":{"line":91,"column":0},"end":{"line":91,"column":47}},"91":{"start":{"line":92,"column":0},"end":{"line":92,"column":59}},"92":{"start":{"line":93,"column":0},"end":{"line":93,"column":3}},"97":{"start":{"line":98,"column":0},"end":{"line":98,"column":63}},"98":{"start":{"line":99,"column":0},"end":{"line":99,"column":62}},"99":{"start":{"line":100,"column":0},"end":{"line":100,"column":20}},"100":{"start":{"line":101,"column":0},"end":{"line":101,"column":55}},"101":{"start":{"line":102,"column":0},"end":{"line":102,"column":78}},"102":{"start":{"line":103,"column":0},"end":{"line":103,"column":3}},"107":{"start":{"line":108,"column":0},"end":{"line":108,"column":53}},"108":{"start":{"line":109,"column":0},"end":{"line":109,"column":43}},"109":{"start":{"line":110,"column":0},"end":{"line":110,"column":47}},"110":{"start":{"line":111,"column":0},"end":{"line":111,"column":25}},"111":{"start":{"line":112,"column":0},"end":{"line":112,"column":58}},"112":{"start":{"line":113,"column":0},"end":{"line":113,"column":67}},"113":{"start":{"line":114,"column":0},"end":{"line":114,"column":64}},"114":{"start":{"line":115,"column":0},"end":{"line":115,"column":7}},"115":{"start":{"line":116,"column":0},"end":{"line":116,"column":23}},"117":{"start":{"line":118,"column":0},"end":{"line":118,"column":59}},"118":{"start":{"line":119,"column":0},"end":{"line":119,"column":58}},"119":{"start":{"line":120,"column":0},"end":{"line":120,"column":44}},"120":{"start":{"line":121,"column":0},"end":{"line":121,"column":9}},"121":{"start":{"line":122,"column":0},"end":{"line":122,"column":3}},"126":{"start":{"line":127,"column":0},"end":{"line":127,"column":49}},"127":{"start":{"line":128,"column":0},"end":{"line":128,"column":20}},"128":{"start":{"line":129,"column":0},"end":{"line":129,"column":49}},"129":{"start":{"line":130,"column":0},"end":{"line":130,"column":34}},"130":{"start":{"line":131,"column":0},"end":{"line":131,"column":5}},"131":{"start":{"line":132,"column":0},"end":{"line":132,"column":46}},"132":{"start":{"line":133,"column":0},"end":{"line":133,"column":3}},"137":{"start":{"line":138,"column":0},"end":{"line":138,"column":76}},"138":{"start":{"line":139,"column":0},"end":{"line":139,"column":56}},"139":{"start":{"line":140,"column":0},"end":{"line":140,"column":3}},"144":{"start":{"line":145,"column":0},"end":{"line":145,"column":54}},"149":{"start":{"line":150,"column":0},"end":{"line":150,"column":53}},"150":{"start":{"line":151,"column":0},"end":{"line":151,"column":59}},"151":{"start":{"line":152,"column":0},"end":{"line":152,"column":58}},"152":{"start":{"line":153,"column":0},"end":{"line":153,"column":56}},"153":{"start":{"line":154,"column":0},"end":{"line":154,"column":56}},"155":{"start":{"line":156,"column":0},"end":{"line":156,"column":54}},"156":{"start":{"line":157,"column":0},"end":{"line":157,"column":60}},"157":{"start":{"line":158,"column":0},"end":{"line":158,"column":59}},"158":{"start":{"line":159,"column":0},"end":{"line":159,"column":57}},"159":{"start":{"line":160,"column":0},"end":{"line":160,"column":57}},"162":{"start":{"line":163,"column":0},"end":{"line":163,"column":57}},"163":{"start":{"line":164,"column":0},"end":{"line":164,"column":57}},"164":{"start":{"line":165,"column":0},"end":{"line":165,"column":55}},"165":{"start":{"line":166,"column":0},"end":{"line":166,"column":62}},"168":{"start":{"line":169,"column":0},"end":{"line":169,"column":58}},"169":{"start":{"line":170,"column":0},"end":{"line":170,"column":58}},"170":{"start":{"line":171,"column":0},"end":{"line":171,"column":61}},"173":{"start":{"line":174,"column":0},"end":{"line":174,"column":59}},"174":{"start":{"line":175,"column":0},"end":{"line":175,"column":61}},"175":{"start":{"line":176,"column":0},"end":{"line":176,"column":58}},"176":{"start":{"line":177,"column":0},"end":{"line":177,"column":55}},"177":{"start":{"line":178,"column":0},"end":{"line":178,"column":59}},"180":{"start":{"line":181,"column":0},"end":{"line":181,"column":69}},"181":{"start":{"line":182,"column":0},"end":{"line":182,"column":70}},"182":{"start":{"line":183,"column":0},"end":{"line":183,"column":68}},"183":{"start":{"line":184,"column":0},"end":{"line":184,"column":70}},"184":{"start":{"line":185,"column":0},"end":{"line":185,"column":69}},"185":{"start":{"line":186,"column":0},"end":{"line":186,"column":3}},"187":{"start":{"line":188,"column":0},"end":{"line":188,"column":52}},"189":{"start":{"line":190,"column":0},"end":{"line":190,"column":20}},"190":{"start":{"line":191,"column":0},"end":{"line":191,"column":14}},"191":{"start":{"line":192,"column":0},"end":{"line":192,"column":24}},"192":{"start":{"line":193,"column":0},"end":{"line":193,"column":25}},"193":{"start":{"line":194,"column":0},"end":{"line":194,"column":25}},"194":{"start":{"line":195,"column":0},"end":{"line":195,"column":25}},"195":{"start":{"line":196,"column":0},"end":{"line":196,"column":25}},"196":{"start":{"line":197,"column":0},"end":{"line":197,"column":25}},"197":{"start":{"line":198,"column":0},"end":{"line":198,"column":25}},"198":{"start":{"line":199,"column":0},"end":{"line":199,"column":25}},"199":{"start":{"line":200,"column":0},"end":{"line":200,"column":25}},"200":{"start":{"line":201,"column":0},"end":{"line":201,"column":25}},"201":{"start":{"line":202,"column":0},"end":{"line":202,"column":8}},"202":{"start":{"line":203,"column":0},"end":{"line":203,"column":13}},"203":{"start":{"line":204,"column":0},"end":{"line":204,"column":24}},"204":{"start":{"line":205,"column":0},"end":{"line":205,"column":25}},"205":{"start":{"line":206,"column":0},"end":{"line":206,"column":25}},"206":{"start":{"line":207,"column":0},"end":{"line":207,"column":25}},"207":{"start":{"line":208,"column":0},"end":{"line":208,"column":25}},"208":{"start":{"line":209,"column":0},"end":{"line":209,"column":25}},"209":{"start":{"line":210,"column":0},"end":{"line":210,"column":25}},"210":{"start":{"line":211,"column":0},"end":{"line":211,"column":25}},"211":{"start":{"line":212,"column":0},"end":{"line":212,"column":25}},"212":{"start":{"line":213,"column":0},"end":{"line":213,"column":25}},"213":{"start":{"line":214,"column":0},"end":{"line":214,"column":8}},"215":{"start":{"line":216,"column":0},"end":{"line":216,"column":6}},"217":{"start":{"line":218,"column":0},"end":{"line":218,"column":63}},"218":{"start":{"line":219,"column":0},"end":{"line":219,"column":58}},"219":{"start":{"line":220,"column":0},"end":{"line":220,"column":37}},"220":{"start":{"line":221,"column":0},"end":{"line":221,"column":35}},"221":{"start":{"line":222,"column":0},"end":{"line":222,"column":39}},"222":{"start":{"line":223,"column":0},"end":{"line":223,"column":9}},"224":{"start":{"line":225,"column":0},"end":{"line":225,"column":36}},"225":{"start":{"line":226,"column":0},"end":{"line":226,"column":24}},"226":{"start":{"line":227,"column":0},"end":{"line":227,"column":15}},"227":{"start":{"line":228,"column":0},"end":{"line":228,"column":14}},"228":{"start":{"line":229,"column":0},"end":{"line":229,"column":9}},"229":{"start":{"line":230,"column":0},"end":{"line":230,"column":5}},"230":{"start":{"line":231,"column":0},"end":{"line":231,"column":3}},"232":{"start":{"line":233,"column":0},"end":{"line":233,"column":104}},"233":{"start":{"line":234,"column":0},"end":{"line":234,"column":38}},"234":{"start":{"line":235,"column":0},"end":{"line":235,"column":20}},"235":{"start":{"line":236,"column":0},"end":{"line":236,"column":22}},"236":{"start":{"line":237,"column":0},"end":{"line":237,"column":17}},"237":{"start":{"line":238,"column":0},"end":{"line":238,"column":21}},"238":{"start":{"line":239,"column":0},"end":{"line":239,"column":23}},"239":{"start":{"line":240,"column":0},"end":{"line":240,"column":24}},"240":{"start":{"line":241,"column":0},"end":{"line":241,"column":22}},"241":{"start":{"line":242,"column":0},"end":{"line":242,"column":8}},"242":{"start":{"line":243,"column":0},"end":{"line":243,"column":18}},"243":{"start":{"line":244,"column":0},"end":{"line":244,"column":16}},"244":{"start":{"line":245,"column":0},"end":{"line":245,"column":25}},"245":{"start":{"line":246,"column":0},"end":{"line":246,"column":24}},"246":{"start":{"line":247,"column":0},"end":{"line":247,"column":25}},"247":{"start":{"line":248,"column":0},"end":{"line":248,"column":9}},"248":{"start":{"line":249,"column":0},"end":{"line":249,"column":44}},"249":{"start":{"line":250,"column":0},"end":{"line":250,"column":18}},"250":{"start":{"line":251,"column":0},"end":{"line":251,"column":36}},"251":{"start":{"line":252,"column":0},"end":{"line":252,"column":56}},"252":{"start":{"line":253,"column":0},"end":{"line":253,"column":59}},"253":{"start":{"line":254,"column":0},"end":{"line":254,"column":9}},"254":{"start":{"line":255,"column":0},"end":{"line":255,"column":58}},"255":{"start":{"line":256,"column":0},"end":{"line":256,"column":6}},"257":{"start":{"line":258,"column":0},"end":{"line":258,"column":44}},"260":{"start":{"line":261,"column":0},"end":{"line":261,"column":73}},"261":{"start":{"line":262,"column":0},"end":{"line":262,"column":76}},"262":{"start":{"line":263,"column":0},"end":{"line":263,"column":3}},"264":{"start":{"line":265,"column":0},"end":{"line":265,"column":86}},"265":{"start":{"line":266,"column":0},"end":{"line":266,"column":65}},"267":{"start":{"line":268,"column":0},"end":{"line":268,"column":40}},"268":{"start":{"line":269,"column":0},"end":{"line":269,"column":53}},"269":{"start":{"line":270,"column":0},"end":{"line":270,"column":20}},"270":{"start":{"line":271,"column":0},"end":{"line":271,"column":45}},"271":{"start":{"line":272,"column":0},"end":{"line":272,"column":41}},"272":{"start":{"line":273,"column":0},"end":{"line":273,"column":31}},"273":{"start":{"line":274,"column":0},"end":{"line":274,"column":11}},"274":{"start":{"line":275,"column":0},"end":{"line":275,"column":9}},"275":{"start":{"line":276,"column":0},"end":{"line":276,"column":7}},"276":{"start":{"line":277,"column":0},"end":{"line":277,"column":5}},"278":{"start":{"line":279,"column":0},"end":{"line":279,"column":16}},"279":{"start":{"line":280,"column":0},"end":{"line":280,"column":3}},"281":{"start":{"line":282,"column":0},"end":{"line":282,"column":88}},"283":{"start":{"line":284,"column":0},"end":{"line":284,"column":59}},"284":{"start":{"line":285,"column":0},"end":{"line":285,"column":20}},"285":{"start":{"line":286,"column":0},"end":{"line":286,"column":21}},"286":{"start":{"line":287,"column":0},"end":{"line":287,"column":19}},"287":{"start":{"line":288,"column":0},"end":{"line":288,"column":20}},"288":{"start":{"line":289,"column":0},"end":{"line":289,"column":19}},"289":{"start":{"line":290,"column":0},"end":{"line":290,"column":23}},"290":{"start":{"line":291,"column":0},"end":{"line":291,"column":25}},"291":{"start":{"line":292,"column":0},"end":{"line":292,"column":21}},"292":{"start":{"line":293,"column":0},"end":{"line":293,"column":26}},"293":{"start":{"line":294,"column":0},"end":{"line":294,"column":31}},"294":{"start":{"line":295,"column":0},"end":{"line":295,"column":22}},"295":{"start":{"line":296,"column":0},"end":{"line":296,"column":31}},"296":{"start":{"line":297,"column":0},"end":{"line":297,"column":31}},"297":{"start":{"line":298,"column":0},"end":{"line":298,"column":6}},"299":{"start":{"line":300,"column":0},"end":{"line":300,"column":60}},"300":{"start":{"line":301,"column":0},"end":{"line":301,"column":23}},"302":{"start":{"line":303,"column":0},"end":{"line":303,"column":55}},"303":{"start":{"line":304,"column":0},"end":{"line":304,"column":47}},"304":{"start":{"line":305,"column":0},"end":{"line":305,"column":5}},"306":{"start":{"line":307,"column":0},"end":{"line":307,"column":16}},"307":{"start":{"line":308,"column":0},"end":{"line":308,"column":3}},"309":{"start":{"line":310,"column":0},"end":{"line":310,"column":52}},"310":{"start":{"line":311,"column":0},"end":{"line":311,"column":12}},"311":{"start":{"line":312,"column":0},"end":{"line":312,"column":7}},"312":{"start":{"line":313,"column":0},"end":{"line":313,"column":27}},"313":{"start":{"line":314,"column":0},"end":{"line":314,"column":22}},"314":{"start":{"line":315,"column":0},"end":{"line":315,"column":53}},"315":{"start":{"line":316,"column":0},"end":{"line":316,"column":8}},"316":{"start":{"line":317,"column":0},"end":{"line":317,"column":7}},"317":{"start":{"line":318,"column":0},"end":{"line":318,"column":27}},"318":{"start":{"line":319,"column":0},"end":{"line":319,"column":22}},"319":{"start":{"line":320,"column":0},"end":{"line":320,"column":54}},"320":{"start":{"line":321,"column":0},"end":{"line":321,"column":8}},"321":{"start":{"line":322,"column":0},"end":{"line":322,"column":7}},"322":{"start":{"line":323,"column":0},"end":{"line":323,"column":27}},"323":{"start":{"line":324,"column":0},"end":{"line":324,"column":22}},"324":{"start":{"line":325,"column":0},"end":{"line":325,"column":53}},"325":{"start":{"line":326,"column":0},"end":{"line":326,"column":8}},"326":{"start":{"line":327,"column":0},"end":{"line":327,"column":7}},"327":{"start":{"line":328,"column":0},"end":{"line":328,"column":22}},"328":{"start":{"line":329,"column":0},"end":{"line":329,"column":25}},"329":{"start":{"line":330,"column":0},"end":{"line":330,"column":38}},"330":{"start":{"line":331,"column":0},"end":{"line":331,"column":8}},"331":{"start":{"line":332,"column":0},"end":{"line":332,"column":7}},"332":{"start":{"line":333,"column":0},"end":{"line":333,"column":22}},"333":{"start":{"line":334,"column":0},"end":{"line":334,"column":25}},"334":{"start":{"line":335,"column":0},"end":{"line":335,"column":42}},"335":{"start":{"line":336,"column":0},"end":{"line":336,"column":8}},"336":{"start":{"line":337,"column":0},"end":{"line":337,"column":7}},"337":{"start":{"line":338,"column":0},"end":{"line":338,"column":21}},"338":{"start":{"line":339,"column":0},"end":{"line":339,"column":24}},"339":{"start":{"line":340,"column":0},"end":{"line":340,"column":42}},"340":{"start":{"line":341,"column":0},"end":{"line":341,"column":8}},"341":{"start":{"line":342,"column":0},"end":{"line":342,"column":6}},"342":{"start":{"line":343,"column":0},"end":{"line":343,"column":3}},"343":{"start":{"line":344,"column":0},"end":{"line":344,"column":1}}},"s":{"6":1,"7":1,"16":1,"17":50,"18":50,"19":50,"21":50,"22":49,"23":49,"24":49,"25":49,"27":50,"28":2,"29":2,"30":2,"31":2,"36":50,"37":22,"38":22,"39":22,"41":22,"42":22,"43":22,"45":22,"46":230,"47":230,"49":230,"51":230,"52":227,"53":227,"54":23,"55":227,"57":204,"58":204,"59":204,"60":204,"61":204,"62":0,"63":0,"64":204,"65":230,"66":3,"67":3,"68":22,"70":22,"71":22,"72":22,"73":22,"74":22,"76":22,"77":1,"78":1,"79":1,"80":1,"81":1,"82":1,"83":1,"84":22,"89":50,"90":8,"91":8,"92":8,"97":50,"98":6,"99":6,"100":6,"101":6,"102":6,"107":50,"108":6,"109":6,"110":6,"111":162,"112":160,"113":145,"114":6,"115":6,"117":12,"118":12,"119":12,"120":6,"121":6,"126":50,"127":10,"128":5,"129":5,"130":5,"131":5,"132":10,"137":50,"138":9,"139":9,"144":50,"149":49,"150":49,"151":49,"152":49,"153":49,"155":49,"156":49,"157":49,"158":49,"159":49,"162":49,"163":49,"164":49,"165":49,"168":49,"169":49,"170":49,"173":49,"174":49,"175":49,"176":49,"177":49,"180":49,"181":49,"182":49,"183":49,"184":49,"185":49,"187":50,"189":49,"190":49,"191":49,"192":49,"193":49,"194":49,"195":49,"196":49,"197":49,"198":49,"199":49,"200":49,"201":49,"202":49,"203":49,"204":49,"205":49,"206":49,"207":49,"208":49,"209":49,"210":49,"211":49,"212":49,"213":49,"215":49,"217":49,"218":98,"219":980,"220":980,"221":980,"222":98,"224":98,"225":98,"226":98,"227":98,"228":98,"229":98,"230":49,"232":50,"233":1323,"234":1323,"235":1323,"236":1323,"237":1323,"238":1323,"239":1323,"240":1323,"241":1323,"242":1323,"243":1323,"244":1323,"245":1323,"246":1323,"247":1323,"248":1323,"249":1323,"250":1323,"251":1323,"252":1323,"253":1323,"254":1323,"255":1323,"257":1323,"260":1323,"261":1323,"262":1323,"264":50,"265":227,"267":227,"268":1089,"269":1089,"270":1089,"271":1089,"272":23,"273":23,"274":1089,"275":1066,"276":1089,"278":204,"279":227,"281":50,"283":213,"284":213,"285":213,"286":213,"287":213,"288":213,"289":213,"290":213,"291":213,"292":213,"293":213,"294":213,"295":213,"296":213,"297":213,"299":213,"300":213,"302":212,"303":212,"304":212,"306":1,"307":213,"309":50,"310":1323,"311":1323,"312":1323,"313":1323,"314":1323,"315":1323,"316":1323,"317":1323,"318":1323,"319":1323,"320":1323,"321":1323,"322":1323,"323":1323,"324":1323,"325":1323,"326":1323,"327":1323,"328":1323,"329":1323,"330":1323,"331":1323,"332":1323,"333":1323,"334":1323,"335":1323,"336":1323,"337":1323,"338":1323,"339":1323,"340":1323,"341":1323,"342":1323,"343":50},"branchMap":{"0":{"type":"branch","line":17,"loc":{"start":{"line":17,"column":57},"end":{"line":344,"column":1}},"locations":[{"start":{"line":17,"column":57},"end":{"line":344,"column":1}}]},"1":{"type":"branch","line":22,"loc":{"start":{"line":22,"column":2},"end":{"line":26,"column":3}},"locations":[{"start":{"line":22,"column":2},"end":{"line":26,"column":3}}]},"2":{"type":"branch","line":28,"loc":{"start":{"line":28,"column":2},"end":{"line":32,"column":3}},"locations":[{"start":{"line":28,"column":2},"end":{"line":32,"column":3}}]},"3":{"type":"branch","line":37,"loc":{"start":{"line":37,"column":2},"end":{"line":85,"column":3}},"locations":[{"start":{"line":37,"column":2},"end":{"line":85,"column":3}}]},"4":{"type":"branch","line":73,"loc":{"start":{"line":73,"column":54},"end":{"line":73,"column":78}},"locations":[{"start":{"line":73,"column":54},"end":{"line":73,"column":78}}]},"5":{"type":"branch","line":73,"loc":{"start":{"line":73,"column":58},"end":{"line":73,"column":88}},"locations":[{"start":{"line":73,"column":58},"end":{"line":73,"column":88}}]},"6":{"type":"branch","line":74,"loc":{"start":{"line":74,"column":42},"end":{"line":74,"column":60}},"locations":[{"start":{"line":74,"column":42},"end":{"line":74,"column":60}}]},"7":{"type":"branch","line":74,"loc":{"start":{"line":74,"column":46},"end":{"line":74,"column":70}},"locations":[{"start":{"line":74,"column":46},"end":{"line":74,"column":70}}]},"8":{"type":"branch","line":77,"loc":{"start":{"line":77,"column":4},"end":{"line":84,"column":5}},"locations":[{"start":{"line":77,"column":4},"end":{"line":84,"column":5}}]},"9":{"type":"branch","line":46,"loc":{"start":{"line":46,"column":21},"end":{"line":69,"column":7}},"locations":[{"start":{"line":46,"column":21},"end":{"line":69,"column":7}}]},"10":{"type":"branch","line":52,"loc":{"start":{"line":52,"column":12},"end":{"line":52,"column":47}},"locations":[{"start":{"line":52,"column":12},"end":{"line":52,"column":47}}]},"11":{"type":"branch","line":52,"loc":{"start":{"line":52,"column":47},"end":{"line":66,"column":15}},"locations":[{"start":{"line":52,"column":47},"end":{"line":66,"column":15}}]},"12":{"type":"branch","line":54,"loc":{"start":{"line":54,"column":31},"end":{"line":56,"column":17}},"locations":[{"start":{"line":54,"column":31},"end":{"line":56,"column":17}}]},"13":{"type":"branch","line":56,"loc":{"start":{"line":56,"column":10},"end":{"line":65,"column":11}},"locations":[{"start":{"line":56,"column":10},"end":{"line":65,"column":11}}]},"14":{"type":"branch","line":62,"loc":{"start":{"line":62,"column":12},"end":{"line":64,"column":13}},"locations":[{"start":{"line":62,"column":12},"end":{"line":64,"column":13}}]},"15":{"type":"branch","line":66,"loc":{"start":{"line":66,"column":8},"end":{"line":68,"column":9}},"locations":[{"start":{"line":66,"column":8},"end":{"line":68,"column":9}}]},"16":{"type":"branch","line":90,"loc":{"start":{"line":90,"column":2},"end":{"line":93,"column":3}},"locations":[{"start":{"line":90,"column":2},"end":{"line":93,"column":3}}]},"17":{"type":"branch","line":92,"loc":{"start":{"line":92,"column":14},"end":{"line":92,"column":57}},"locations":[{"start":{"line":92,"column":14},"end":{"line":92,"column":57}}]},"18":{"type":"branch","line":98,"loc":{"start":{"line":98,"column":2},"end":{"line":103,"column":3}},"locations":[{"start":{"line":98,"column":2},"end":{"line":103,"column":3}}]},"19":{"type":"branch","line":99,"loc":{"start":{"line":99,"column":54},"end":{"line":99,"column":62}},"locations":[{"start":{"line":99,"column":54},"end":{"line":99,"column":62}}]},"20":{"type":"branch","line":101,"loc":{"start":{"line":101,"column":11},"end":{"line":101,"column":54}},"locations":[{"start":{"line":101,"column":11},"end":{"line":101,"column":54}}]},"21":{"type":"branch","line":102,"loc":{"start":{"line":102,"column":14},"end":{"line":102,"column":76}},"locations":[{"start":{"line":102,"column":14},"end":{"line":102,"column":76}}]},"22":{"type":"branch","line":108,"loc":{"start":{"line":108,"column":2},"end":{"line":122,"column":3}},"locations":[{"start":{"line":108,"column":2},"end":{"line":122,"column":3}}]},"23":{"type":"branch","line":111,"loc":{"start":{"line":111,"column":14},"end":{"line":114,"column":64}},"locations":[{"start":{"line":111,"column":14},"end":{"line":114,"column":64}}]},"24":{"type":"branch","line":112,"loc":{"start":{"line":112,"column":54},"end":{"line":113,"column":67}},"locations":[{"start":{"line":112,"column":54},"end":{"line":113,"column":67}}]},"25":{"type":"branch","line":113,"loc":{"start":{"line":113,"column":63},"end":{"line":114,"column":64}},"locations":[{"start":{"line":113,"column":63},"end":{"line":114,"column":64}}]},"26":{"type":"branch","line":116,"loc":{"start":{"line":116,"column":12},"end":{"line":121,"column":7}},"locations":[{"start":{"line":116,"column":12},"end":{"line":121,"column":7}}]},"27":{"type":"branch","line":118,"loc":{"start":{"line":118,"column":49},"end":{"line":118,"column":59}},"locations":[{"start":{"line":118,"column":49},"end":{"line":118,"column":59}}]},"28":{"type":"branch","line":119,"loc":{"start":{"line":119,"column":49},"end":{"line":119,"column":58}},"locations":[{"start":{"line":119,"column":49},"end":{"line":119,"column":58}}]},"29":{"type":"branch","line":127,"loc":{"start":{"line":127,"column":2},"end":{"line":133,"column":3}},"locations":[{"start":{"line":127,"column":2},"end":{"line":133,"column":3}}]},"30":{"type":"branch","line":128,"loc":{"start":{"line":128,"column":19},"end":{"line":132,"column":46}},"locations":[{"start":{"line":128,"column":19},"end":{"line":132,"column":46}}]},"31":{"type":"branch","line":130,"loc":{"start":{"line":130,"column":13},"end":{"line":130,"column":31}},"locations":[{"start":{"line":130,"column":13},"end":{"line":130,"column":31}}]},"32":{"type":"branch","line":130,"loc":{"start":{"line":130,"column":27},"end":{"line":130,"column":34}},"locations":[{"start":{"line":130,"column":27},"end":{"line":130,"column":34}}]},"33":{"type":"branch","line":138,"loc":{"start":{"line":138,"column":2},"end":{"line":140,"column":3}},"locations":[{"start":{"line":138,"column":2},"end":{"line":140,"column":3}}]},"34":{"type":"branch","line":145,"loc":{"start":{"line":145,"column":2},"end":{"line":186,"column":3}},"locations":[{"start":{"line":145,"column":2},"end":{"line":186,"column":3}}]},"35":{"type":"branch","line":188,"loc":{"start":{"line":188,"column":2},"end":{"line":231,"column":3}},"locations":[{"start":{"line":188,"column":2},"end":{"line":231,"column":3}}]},"36":{"type":"branch","line":218,"loc":{"start":{"line":218,"column":62},"end":{"line":230,"column":5}},"locations":[{"start":{"line":218,"column":62},"end":{"line":230,"column":5}}]},"37":{"type":"branch","line":219,"loc":{"start":{"line":219,"column":48},"end":{"line":223,"column":7}},"locations":[{"start":{"line":219,"column":48},"end":{"line":223,"column":7}}]},"38":{"type":"branch","line":233,"loc":{"start":{"line":233,"column":10},"end":{"line":263,"column":3}},"locations":[{"start":{"line":233,"column":10},"end":{"line":263,"column":3}}]},"39":{"type":"branch","line":261,"loc":{"start":{"line":261,"column":65},"end":{"line":261,"column":73}},"locations":[{"start":{"line":261,"column":65},"end":{"line":261,"column":73}}]},"40":{"type":"branch","line":265,"loc":{"start":{"line":265,"column":10},"end":{"line":280,"column":3}},"locations":[{"start":{"line":265,"column":10},"end":{"line":280,"column":3}}]},"41":{"type":"branch","line":266,"loc":{"start":{"line":266,"column":57},"end":{"line":266,"column":65}},"locations":[{"start":{"line":266,"column":57},"end":{"line":266,"column":65}}]},"42":{"type":"branch","line":268,"loc":{"start":{"line":268,"column":39},"end":{"line":277,"column":5}},"locations":[{"start":{"line":268,"column":39},"end":{"line":277,"column":5}}]},"43":{"type":"branch","line":272,"loc":{"start":{"line":272,"column":40},"end":{"line":274,"column":11}},"locations":[{"start":{"line":272,"column":40},"end":{"line":274,"column":11}}]},"44":{"type":"branch","line":275,"loc":{"start":{"line":275,"column":8},"end":{"line":276,"column":7}},"locations":[{"start":{"line":275,"column":8},"end":{"line":276,"column":7}}]},"45":{"type":"branch","line":277,"loc":{"start":{"line":277,"column":4},"end":{"line":279,"column":16}},"locations":[{"start":{"line":277,"column":4},"end":{"line":279,"column":16}}]},"46":{"type":"branch","line":282,"loc":{"start":{"line":282,"column":10},"end":{"line":308,"column":3}},"locations":[{"start":{"line":282,"column":10},"end":{"line":308,"column":3}}]},"47":{"type":"branch","line":301,"loc":{"start":{"line":301,"column":22},"end":{"line":305,"column":5}},"locations":[{"start":{"line":301,"column":22},"end":{"line":305,"column":5}}]},"48":{"type":"branch","line":305,"loc":{"start":{"line":305,"column":4},"end":{"line":307,"column":16}},"locations":[{"start":{"line":305,"column":4},"end":{"line":307,"column":16}}]},"49":{"type":"branch","line":310,"loc":{"start":{"line":310,"column":10},"end":{"line":343,"column":3}},"locations":[{"start":{"line":310,"column":10},"end":{"line":343,"column":3}}]}},"b":{"0":[50],"1":[49],"2":[2],"3":[22],"4":[2],"5":[19],"6":[4],"7":[17],"8":[1],"9":[230],"10":[227],"11":[227],"12":[23],"13":[204],"14":[0],"15":[3],"16":[8],"17":[162],"18":[6],"19":[1],"20":[25],"21":[25],"22":[6],"23":[162],"24":[160],"25":[145],"26":[12],"27":[0],"28":[0],"29":[10],"30":[5],"31":[4],"32":[1],"33":[9],"34":[49],"35":[49],"36":[98],"37":[980],"38":[1323],"39":[294],"40":[227],"41":[0],"42":[1089],"43":[23],"44":[1066],"45":[204],"46":[213],"47":[212],"48":[1],"49":[1323]},"fnMap":{"0":{"name":"<instance_members_initializer>","decl":{"start":{"line":17,"column":57},"end":{"line":344,"column":1}},"loc":{"start":{"line":17,"column":57},"end":{"line":344,"column":1}},"line":17},"1":{"name":"initialize","decl":{"start":{"line":22,"column":2},"end":{"line":26,"column":3}},"loc":{"start":{"line":22,"column":2},"end":{"line":26,"column":3}},"line":22},"2":{"name":"cleanup","decl":{"start":{"line":28,"column":2},"end":{"line":32,"column":3}},"loc":{"start":{"line":28,"column":2},"end":{"line":32,"column":3}},"line":28},"3":{"name":"convertCSSToTailwind","decl":{"start":{"line":37,"column":2},"end":{"line":85,"column":3}},"loc":{"start":{"line":37,"column":2},"end":{"line":85,"column":3}},"line":37},"4":{"name":"getUtilitiesByCategory","decl":{"start":{"line":90,"column":2},"end":{"line":93,"column":3}},"loc":{"start":{"line":90,"column":2},"end":{"line":93,"column":3}},"line":90},"5":{"name":"getUtilitiesByProperty","decl":{"start":{"line":98,"column":2},"end":{"line":103,"column":3}},"loc":{"start":{"line":98,"column":2},"end":{"line":103,"column":3}},"line":98},"6":{"name":"searchUtilities","decl":{"start":{"line":108,"column":2},"end":{"line":122,"column":3}},"loc":{"start":{"line":108,"column":2},"end":{"line":122,"column":3}},"line":108},"7":{"name":"getColorInfo","decl":{"start":{"line":127,"column":2},"end":{"line":133,"column":3}},"loc":{"start":{"line":127,"column":2},"end":{"line":133,"column":3}},"line":127},"8":{"name":"generateArbitraryUtility","decl":{"start":{"line":138,"column":2},"end":{"line":140,"column":3}},"loc":{"start":{"line":138,"column":2},"end":{"line":140,"column":3}},"line":138},"9":{"name":"loadUtilityMappings","decl":{"start":{"line":145,"column":2},"end":{"line":186,"column":3}},"loc":{"start":{"line":145,"column":2},"end":{"line":186,"column":3}},"line":145},"10":{"name":"loadColorMappings","decl":{"start":{"line":188,"column":2},"end":{"line":231,"column":3}},"loc":{"start":{"line":188,"column":2},"end":{"line":231,"column":3}},"line":188},"11":{"name":"addUtility","decl":{"start":{"line":233,"column":10},"end":{"line":263,"column":3}},"loc":{"start":{"line":233,"column":10},"end":{"line":263,"column":3}},"line":233},"12":{"name":"findBestUtilityMatch","decl":{"start":{"line":265,"column":10},"end":{"line":280,"column":3}},"loc":{"start":{"line":265,"column":10},"end":{"line":280,"column":3}},"line":265},"13":{"name":"createArbitraryUtility","decl":{"start":{"line":282,"column":10},"end":{"line":308,"column":3}},"loc":{"start":{"line":282,"column":10},"end":{"line":308,"column":3}},"line":282},"14":{"name":"getDefaultModifiers","decl":{"start":{"line":310,"column":10},"end":{"line":343,"column":3}},"loc":{"start":{"line":310,"column":10},"end":{"line":343,"column":3}},"line":310}},"f":{"0":50,"1":49,"2":2,"3":22,"4":8,"5":6,"6":6,"7":10,"8":9,"9":49,"10":49,"11":1323,"12":227,"13":213,"14":1323}}
}
